<?xml version="1.0" encoding="UTF-8"?>
<!-- Generated by org.testng.reporters.JUnitReportReporter -->
<testsuite skipped="0" hostname="appinventiv-ThinkPad-T440s" name="seleniumSection15.JavaStreamTest1" tests="1" failures="0" timestamp="2021-06-28T00:17:27 IST" time="0.025" errors="0">
  <testcase name="streamCollect" time="0.025" classname="seleniumSection15.JavaStreamTest1"/>
  <system-out/>
</testsuite> <!-- seleniumSection15.JavaStreamTest1 -->
